{
  message: 'Database Connection Successfull',
  level: 'info',
  label: 'PH',
  timestamp: '2023-06-18T10:09:06.654Z'
}
{
  message: 'Application is Listening on Port 7000 ',
  level: 'info',
  label: 'PH',
  timestamp: '2023-06-18T10:09:06.668Z'
}
{
  message: 'Database Connection Successfull',
  level: 'info',
  label: 'PH',
  timestamp: '2023-06-18T10:29:49.456Z'
}
{
  message: 'Application is Listening on Port 7000 ',
  level: 'info',
  label: 'PH',
  timestamp: '2023-06-18T10:29:49.462Z'
}
{
  message: 'Database Connection Successfull',
  level: 'info',
  label: 'PH',
  timestamp: '2023-06-18T10:32:17.296Z'
}
{
  message: 'Application is Listening on Port 7000 ',
  level: 'info',
  label: 'PH',
  timestamp: '2023-06-18T10:32:17.313Z'
}
