{
  message: 'production',
  level: 'info',
  label: 'right meow!',
  timestamp: '2023-06-04T08:37:47.950Z'
}
{
  message: 'Database Connection Successfull',
  level: 'info',
  label: 'right meow!',
  timestamp: '2023-06-04T08:37:54.284Z'
}
{
  message: 'Application is Listening on Port 7000 ',
  level: 'info',
  label: 'right meow!',
  timestamp: '2023-06-04T08:37:54.288Z'
}
{
  message: 'production',
  level: 'info',
  label: 'Ph',
  timestamp: '2023-06-04T08:39:22.695Z'
}
{
  message: 'Database Connection Successfull',
  level: 'info',
  label: 'Ph',
  timestamp: '2023-06-04T08:39:23.890Z'
}
{
  message: 'Application is Listening on Port 7000 ',
  level: 'info',
  label: 'Ph',
  timestamp: '2023-06-04T08:39:23.897Z'
}
{
  message: 'production',
  level: 'info',
  label: 'PH',
  timestamp: '2023-06-04T08:39:24.877Z'
}
{
  message: 'Database Connection Successfull',
  level: 'info',
  label: 'PH',
  timestamp: '2023-06-04T08:39:25.465Z'
}
{
  message: 'Application is Listening on Port 7000 ',
  level: 'info',
  label: 'PH',
  timestamp: '2023-06-04T08:39:25.472Z'
}
{
  message: 'production',
  level: 'info',
  label: 'PH',
  timestamp: '2023-06-04T08:39:34.971Z'
}
{
  message: 'Database Connection Successfull',
  level: 'info',
  label: 'PH',
  timestamp: '2023-06-04T08:39:35.551Z'
}
{
  message: 'Application is Listening on Port 7000 ',
  level: 'info',
  label: 'PH',
  timestamp: '2023-06-04T08:39:35.555Z'
}
{
  message: 'production',
  level: 'info',
  label: 'PH',
  timestamp: '2023-06-04T08:39:46.415Z'
}
{
  message: 'Database Connection Successfull',
  level: 'info',
  label: 'PH',
  timestamp: '2023-06-04T08:39:47.021Z'
}
{
  message: 'Application is Listening on Port 7000 ',
  level: 'info',
  label: 'PH',
  timestamp: '2023-06-04T08:39:47.028Z'
}
{
  message: 'production',
  level: 'info',
  label: 'PH',
  timestamp: '2023-06-04T08:40:17.380Z'
}
{
  message: 'Database Connection Successfull',
  level: 'info',
  label: 'PH',
  timestamp: '2023-06-04T08:40:17.943Z'
}
{
  message: 'Application is Listening on Port 7000 ',
  level: 'info',
  label: 'PH',
  timestamp: '2023-06-04T08:40:17.948Z'
}
