{
  message: 'development',
  level: 'info',
  label: 'PH',
  timestamp: '2023-06-05T12:07:27.399Z'
}
{
  message: 'Database Connection Successfull',
  level: 'info',
  label: 'PH',
  timestamp: '2023-06-05T12:07:28.682Z'
}
{
  message: 'Application is Listening on Port 7000 ',
  level: 'info',
  label: 'PH',
  timestamp: '2023-06-05T12:07:28.689Z'
}
{
  message: 'development',
  level: 'info',
  label: 'PH',
  timestamp: '2023-06-05T12:07:51.070Z'
}
{
  message: 'Database Connection Successfull',
  level: 'info',
  label: 'PH',
  timestamp: '2023-06-05T12:07:51.693Z'
}
{
  message: 'Application is Listening on Port 7000 ',
  level: 'info',
  label: 'PH',
  timestamp: '2023-06-05T12:07:51.701Z'
}
{
  message: 'development',
  level: 'info',
  label: 'PH',
  timestamp: '2023-06-05T12:07:52.501Z'
}
{
  message: 'development',
  level: 'info',
  label: 'PH',
  timestamp: '2023-06-05T12:07:57.211Z'
}
{
  message: 'Database Connection Successfull',
  level: 'info',
  label: 'PH',
  timestamp: '2023-06-05T12:07:57.801Z'
}
{
  message: 'Application is Listening on Port 7000 ',
  level: 'info',
  label: 'PH',
  timestamp: '2023-06-05T12:07:57.804Z'
}
{
  message: 'development',
  level: 'info',
  label: 'PH',
  timestamp: '2023-06-05T12:08:02.727Z'
}
{
  message: 'Database Connection Successfull',
  level: 'info',
  label: 'PH',
  timestamp: '2023-06-05T12:08:03.336Z'
}
{
  message: 'Application is Listening on Port 7000 ',
  level: 'info',
  label: 'PH',
  timestamp: '2023-06-05T12:08:03.340Z'
}
{
  message: 'development',
  level: 'info',
  label: 'PH',
  timestamp: '2023-06-05T12:08:17.885Z'
}
{
  message: 'Database Connection Successfull',
  level: 'info',
  label: 'PH',
  timestamp: '2023-06-05T12:08:18.490Z'
}
{
  message: 'Application is Listening on Port 7000 ',
  level: 'info',
  label: 'PH',
  timestamp: '2023-06-05T12:08:18.496Z'
}
{
  message: 'development',
  level: 'info',
  label: 'PH',
  timestamp: '2023-06-05T12:08:21.439Z'
}
{
  message: 'Database Connection Successfull',
  level: 'info',
  label: 'PH',
  timestamp: '2023-06-05T12:08:22.030Z'
}
{
  message: 'Application is Listening on Port 7000 ',
  level: 'info',
  label: 'PH',
  timestamp: '2023-06-05T12:08:22.037Z'
}
{
  message: 'development',
  level: 'info',
  label: 'PH',
  timestamp: '2023-06-05T12:08:24.223Z'
}
{
  message: 'Database Connection Successfull',
  level: 'info',
  label: 'PH',
  timestamp: '2023-06-05T12:08:24.880Z'
}
{
  message: 'Application is Listening on Port 7000 ',
  level: 'info',
  label: 'PH',
  timestamp: '2023-06-05T12:08:24.888Z'
}
{
  message: 'development',
  level: 'info',
  label: 'PH',
  timestamp: '2023-06-05T12:08:25.552Z'
}
{
  message: 'Database Connection Successfull',
  level: 'info',
  label: 'PH',
  timestamp: '2023-06-05T12:08:26.141Z'
}
{
  message: 'Application is Listening on Port 7000 ',
  level: 'info',
  label: 'PH',
  timestamp: '2023-06-05T12:08:26.148Z'
}
{
  message: 'development',
  level: 'info',
  label: 'PH',
  timestamp: '2023-06-05T12:08:28.493Z'
}
{
  message: 'development',
  level: 'info',
  label: 'PH',
  timestamp: '2023-06-05T12:08:34.238Z'
}
{
  message: 'Database Connection Successfull',
  level: 'info',
  label: 'PH',
  timestamp: '2023-06-05T12:08:34.886Z'
}
{
  message: 'Application is Listening on Port 7000 ',
  level: 'info',
  label: 'PH',
  timestamp: '2023-06-05T12:08:34.892Z'
}
{
  message: 'development',
  level: 'info',
  label: 'PH',
  timestamp: '2023-06-05T12:08:39.026Z'
}
{
  message: 'Database Connection Successfull',
  level: 'info',
  label: 'PH',
  timestamp: '2023-06-05T12:08:39.642Z'
}
{
  message: 'Application is Listening on Port 7000 ',
  level: 'info',
  label: 'PH',
  timestamp: '2023-06-05T12:08:39.648Z'
}
{
  message: 'development',
  level: 'info',
  label: 'PH',
  timestamp: '2023-06-05T12:08:40.366Z'
}
{
  message: 'Database Connection Successfull',
  level: 'info',
  label: 'PH',
  timestamp: '2023-06-05T12:08:40.932Z'
}
{
  message: 'Application is Listening on Port 7000 ',
  level: 'info',
  label: 'PH',
  timestamp: '2023-06-05T12:08:40.936Z'
}
{
  message: 'development',
  level: 'info',
  label: 'PH',
  timestamp: '2023-06-05T12:08:42.060Z'
}
{
  message: 'Database Connection Successfull',
  level: 'info',
  label: 'PH',
  timestamp: '2023-06-05T12:08:42.657Z'
}
{
  message: 'Application is Listening on Port 7000 ',
  level: 'info',
  label: 'PH',
  timestamp: '2023-06-05T12:08:42.663Z'
}
{
  message: 'development',
  level: 'info',
  label: 'PH',
  timestamp: '2023-06-05T12:08:58.809Z'
}
{
  message: 'Database Connection Successfull',
  level: 'info',
  label: 'PH',
  timestamp: '2023-06-05T12:08:59.406Z'
}
{
  message: 'Application is Listening on Port 7000 ',
  level: 'info',
  label: 'PH',
  timestamp: '2023-06-05T12:08:59.413Z'
}
