{
  message: 'Database Connection Successfull',
  level: 'info',
  label: 'PH',
  timestamp: '2023-06-11T16:35:21.442Z'
}
{
  message: 'Application is Listening on Port 7000 ',
  level: 'info',
  label: 'PH',
  timestamp: '2023-06-11T16:35:21.461Z'
}
{
  message: 'Database Connection Successfull',
  level: 'info',
  label: 'PH',
  timestamp: '2023-06-11T16:38:46.459Z'
}
{
  message: 'Application is Listening on Port 7000 ',
  level: 'info',
  label: 'PH',
  timestamp: '2023-06-11T16:38:46.464Z'
}
{
  message: 'Database Connection Successfull',
  level: 'info',
  label: 'PH',
  timestamp: '2023-06-11T16:47:45.189Z'
}
{
  message: 'Application is Listening on Port 7000 ',
  level: 'info',
  label: 'PH',
  timestamp: '2023-06-11T16:47:45.202Z'
}
