{
  message: 'Database Connection Successfull',
  level: 'info',
  label: 'PH',
  timestamp: '2023-06-14T03:41:30.686Z'
}
{
  message: 'Application is Listening on Port 7000 ',
  level: 'info',
  label: 'PH',
  timestamp: '2023-06-14T03:41:30.699Z'
}
{
  message: 'Database Connection Successfull',
  level: 'info',
  label: 'PH',
  timestamp: '2023-06-14T03:51:28.028Z'
}
{
  message: 'Application is Listening on Port 7000 ',
  level: 'info',
  label: 'PH',
  timestamp: '2023-06-14T03:51:28.040Z'
}
{
  message: 'Database Connection Successfull',
  level: 'info',
  label: 'PH',
  timestamp: '2023-06-14T03:52:57.558Z'
}
{
  message: 'Application is Listening on Port 7000 ',
  level: 'info',
  label: 'PH',
  timestamp: '2023-06-14T03:52:57.564Z'
}
{
  message: 'Database Connection Successfull',
  level: 'info',
  label: 'PH',
  timestamp: '2023-06-14T03:53:31.330Z'
}
{
  message: 'Application is Listening on Port 7000 ',
  level: 'info',
  label: 'PH',
  timestamp: '2023-06-14T03:53:31.334Z'
}
{
  message: 'Database Connection Successfull',
  level: 'info',
  label: 'PH',
  timestamp: '2023-06-14T03:54:30.103Z'
}
{
  message: 'Application is Listening on Port 7000 ',
  level: 'info',
  label: 'PH',
  timestamp: '2023-06-14T03:54:30.114Z'
}
{
  message: 'Database Connection Successfull',
  level: 'info',
  label: 'PH',
  timestamp: '2023-06-14T03:54:44.190Z'
}
{
  message: 'Application is Listening on Port 7000 ',
  level: 'info',
  label: 'PH',
  timestamp: '2023-06-14T03:54:44.198Z'
}
{
  message: 'Database Connection Successfull',
  level: 'info',
  label: 'PH',
  timestamp: '2023-06-14T03:55:12.546Z'
}
{
  message: 'Application is Listening on Port 7000 ',
  level: 'info',
  label: 'PH',
  timestamp: '2023-06-14T03:55:12.556Z'
}
{
  message: 'Database Connection Successfull',
  level: 'info',
  label: 'PH',
  timestamp: '2023-06-14T03:55:44.997Z'
}
{
  message: 'Application is Listening on Port 7000 ',
  level: 'info',
  label: 'PH',
  timestamp: '2023-06-14T03:55:45.007Z'
}
{
  message: 'Database Connection Successfull',
  level: 'info',
  label: 'PH',
  timestamp: '2023-06-14T03:56:28.180Z'
}
{
  message: 'Application is Listening on Port 7000 ',
  level: 'info',
  label: 'PH',
  timestamp: '2023-06-14T03:56:28.191Z'
}
{
  message: 'Database Connection Successfull',
  level: 'info',
  label: 'PH',
  timestamp: '2023-06-14T03:56:50.331Z'
}
{
  message: 'Application is Listening on Port 7000 ',
  level: 'info',
  label: 'PH',
  timestamp: '2023-06-14T03:56:50.341Z'
}
