{
  message: 'production',
  level: 'info',
  label: 'PH',
  timestamp: '2023-06-05T11:40:04.676Z'
}
{
  message: 'Database Connection Successfull',
  level: 'info',
  label: 'PH',
  timestamp: '2023-06-05T11:40:06.447Z'
}
{
  message: 'Application is Listening on Port 7000 ',
  level: 'info',
  label: 'PH',
  timestamp: '2023-06-05T11:40:06.451Z'
}
{
  message: 'production',
  level: 'info',
  label: 'PH',
  timestamp: '2023-06-05T11:41:49.313Z'
}
{
  message: 'Database Connection Successfull',
  level: 'info',
  label: 'PH',
  timestamp: '2023-06-05T11:41:50.415Z'
}
{
  message: 'Application is Listening on Port 7000 ',
  level: 'info',
  label: 'PH',
  timestamp: '2023-06-05T11:41:50.422Z'
}
{
  message: 'production',
  level: 'info',
  label: 'PH',
  timestamp: '2023-06-05T11:41:52.179Z'
}
{
  message: 'production',
  level: 'info',
  label: 'PH',
  timestamp: '2023-06-05T11:41:53.232Z'
}
{
  message: 'Database Connection Successfull',
  level: 'info',
  label: 'PH',
  timestamp: '2023-06-05T11:41:53.876Z'
}
{
  message: 'Application is Listening on Port 7000 ',
  level: 'info',
  label: 'PH',
  timestamp: '2023-06-05T11:41:53.883Z'
}
{
  message: 'production',
  level: 'info',
  label: 'PH',
  timestamp: '2023-06-05T11:42:06.944Z'
}
{
  message: 'Database Connection Successfull',
  level: 'info',
  label: 'PH',
  timestamp: '2023-06-05T11:42:07.532Z'
}
{
  message: 'Application is Listening on Port 7000 ',
  level: 'info',
  label: 'PH',
  timestamp: '2023-06-05T11:42:07.536Z'
}
{
  message: 'production',
  level: 'info',
  label: 'PH',
  timestamp: '2023-06-05T11:42:10.104Z'
}
{
  message: 'Database Connection Successfull',
  level: 'info',
  label: 'PH',
  timestamp: '2023-06-05T11:42:10.711Z'
}
{
  message: 'Application is Listening on Port 7000 ',
  level: 'info',
  label: 'PH',
  timestamp: '2023-06-05T11:42:10.716Z'
}
{
  message: 'production',
  level: 'info',
  label: 'PH',
  timestamp: '2023-06-05T11:42:15.267Z'
}
{
  message: 'Database Connection Successfull',
  level: 'info',
  label: 'PH',
  timestamp: '2023-06-05T11:42:15.863Z'
}
{
  message: 'Application is Listening on Port 7000 ',
  level: 'info',
  label: 'PH',
  timestamp: '2023-06-05T11:42:15.870Z'
}
{
  message: 'production',
  level: 'info',
  label: 'PH',
  timestamp: '2023-06-05T11:42:25.411Z'
}
{
  message: 'Database Connection Successfull',
  level: 'info',
  label: 'PH',
  timestamp: '2023-06-05T11:42:25.982Z'
}
{
  message: 'Application is Listening on Port 7000 ',
  level: 'info',
  label: 'PH',
  timestamp: '2023-06-05T11:42:25.990Z'
}
{
  message: 'development',
  level: 'info',
  label: 'PH',
  timestamp: '2023-06-05T11:43:42.734Z'
}
{
  message: 'Database Connection Successfull',
  level: 'info',
  label: 'PH',
  timestamp: '2023-06-05T11:43:43.899Z'
}
{
  message: 'Application is Listening on Port 7000 ',
  level: 'info',
  label: 'PH',
  timestamp: '2023-06-05T11:43:43.907Z'
}
{
  message: 'development',
  level: 'info',
  label: 'PH',
  timestamp: '2023-06-05T11:44:07.205Z'
}
{
  message: 'Database Connection Successfull',
  level: 'info',
  label: 'PH',
  timestamp: '2023-06-05T11:44:07.792Z'
}
{
  message: 'Application is Listening on Port 7000 ',
  level: 'info',
  label: 'PH',
  timestamp: '2023-06-05T11:44:07.798Z'
}
{
  message: 'development',
  level: 'info',
  label: 'PH',
  timestamp: '2023-06-05T11:44:17.442Z'
}
{
  message: 'Database Connection Successfull',
  level: 'info',
  label: 'PH',
  timestamp: '2023-06-05T11:44:18.034Z'
}
{
  message: 'Application is Listening on Port 7000 ',
  level: 'info',
  label: 'PH',
  timestamp: '2023-06-05T11:44:18.042Z'
}
{
  message: 'development',
  level: 'info',
  label: 'PH',
  timestamp: '2023-06-05T11:45:14.059Z'
}
{
  message: 'Database Connection Successfull',
  level: 'info',
  label: 'PH',
  timestamp: '2023-06-05T11:45:14.917Z'
}
{
  message: 'Application is Listening on Port 7000 ',
  level: 'info',
  label: 'PH',
  timestamp: '2023-06-05T11:45:14.920Z'
}
{
  message: 'development',
  level: 'info',
  label: 'PH',
  timestamp: '2023-06-05T11:46:04.912Z'
}
{
  message: 'Database Connection Successfull',
  level: 'info',
  label: 'PH',
  timestamp: '2023-06-05T11:46:05.523Z'
}
{
  message: 'Application is Listening on Port 7000 ',
  level: 'info',
  label: 'PH',
  timestamp: '2023-06-05T11:46:05.531Z'
}
{
  message: 'development',
  level: 'info',
  label: 'PH',
  timestamp: '2023-06-05T11:46:27.082Z'
}
{
  message: 'Database Connection Successfull',
  level: 'info',
  label: 'PH',
  timestamp: '2023-06-05T11:46:27.752Z'
}
{
  message: 'Application is Listening on Port 7000 ',
  level: 'info',
  label: 'PH',
  timestamp: '2023-06-05T11:46:27.756Z'
}
{
  message: 'development',
  level: 'info',
  label: 'PH',
  timestamp: '2023-06-05T11:46:40.774Z'
}
{
  message: 'Database Connection Successfull',
  level: 'info',
  label: 'PH',
  timestamp: '2023-06-05T11:46:41.376Z'
}
{
  message: 'Application is Listening on Port 7000 ',
  level: 'info',
  label: 'PH',
  timestamp: '2023-06-05T11:46:41.382Z'
}
{
  message: 'development',
  level: 'info',
  label: 'PH',
  timestamp: '2023-06-05T11:46:42.617Z'
}
{
  message: 'Database Connection Successfull',
  level: 'info',
  label: 'PH',
  timestamp: '2023-06-05T11:46:43.178Z'
}
{
  message: 'Application is Listening on Port 7000 ',
  level: 'info',
  label: 'PH',
  timestamp: '2023-06-05T11:46:43.181Z'
}
{
  message: 'development',
  level: 'info',
  label: 'PH',
  timestamp: '2023-06-05T11:46:55.157Z'
}
{
  message: 'Database Connection Successfull',
  level: 'info',
  label: 'PH',
  timestamp: '2023-06-05T11:46:55.762Z'
}
{
  message: 'Application is Listening on Port 7000 ',
  level: 'info',
  label: 'PH',
  timestamp: '2023-06-05T11:46:55.766Z'
}
{
  message: 'development',
  level: 'info',
  label: 'PH',
  timestamp: '2023-06-05T11:46:58.054Z'
}
{
  message: 'Database Connection Successfull',
  level: 'info',
  label: 'PH',
  timestamp: '2023-06-05T11:46:58.646Z'
}
{
  message: 'Application is Listening on Port 7000 ',
  level: 'info',
  label: 'PH',
  timestamp: '2023-06-05T11:46:58.655Z'
}
{
  message: 'development',
  level: 'info',
  label: 'PH',
  timestamp: '2023-06-05T11:46:59.389Z'
}
{
  message: 'Database Connection Successfull',
  level: 'info',
  label: 'PH',
  timestamp: '2023-06-05T11:46:59.956Z'
}
{
  message: 'Application is Listening on Port 7000 ',
  level: 'info',
  label: 'PH',
  timestamp: '2023-06-05T11:46:59.962Z'
}
{
  message: 'development',
  level: 'info',
  label: 'PH',
  timestamp: '2023-06-05T11:47:02.141Z'
}
{
  message: 'development',
  level: 'info',
  label: 'PH',
  timestamp: '2023-06-05T11:47:03.180Z'
}
{
  message: 'Database Connection Successfull',
  level: 'info',
  label: 'PH',
  timestamp: '2023-06-05T11:47:03.778Z'
}
{
  message: 'Application is Listening on Port 7000 ',
  level: 'info',
  label: 'PH',
  timestamp: '2023-06-05T11:47:03.785Z'
}
{
  message: 'development',
  level: 'info',
  label: 'PH',
  timestamp: '2023-06-05T11:47:09.682Z'
}
{
  message: 'Database Connection Successfull',
  level: 'info',
  label: 'PH',
  timestamp: '2023-06-05T11:47:10.283Z'
}
{
  message: 'Application is Listening on Port 7000 ',
  level: 'info',
  label: 'PH',
  timestamp: '2023-06-05T11:47:10.286Z'
}
{
  message: 'development',
  level: 'info',
  label: 'PH',
  timestamp: '2023-06-05T11:47:21.866Z'
}
{
  message: 'Database Connection Successfull',
  level: 'info',
  label: 'PH',
  timestamp: '2023-06-05T11:47:22.900Z'
}
{
  message: 'Application is Listening on Port 7000 ',
  level: 'info',
  label: 'PH',
  timestamp: '2023-06-05T11:47:22.903Z'
}
{
  message: 'development',
  level: 'info',
  label: 'PH',
  timestamp: '2023-06-05T11:49:14.699Z'
}
{
  message: 'Database Connection Successfull',
  level: 'info',
  label: 'PH',
  timestamp: '2023-06-05T11:49:15.750Z'
}
{
  message: 'Application is Listening on Port 7000 ',
  level: 'info',
  label: 'PH',
  timestamp: '2023-06-05T11:49:15.754Z'
}
{
  message: 'development',
  level: 'info',
  label: 'PH',
  timestamp: '2023-06-05T11:49:16.792Z'
}
{
  message: 'Database Connection Successfull',
  level: 'info',
  label: 'PH',
  timestamp: '2023-06-05T11:49:17.410Z'
}
{
  message: 'Application is Listening on Port 7000 ',
  level: 'info',
  label: 'PH',
  timestamp: '2023-06-05T11:49:17.418Z'
}
{
  message: 'development',
  level: 'info',
  label: 'PH',
  timestamp: '2023-06-05T11:49:37.782Z'
}
{
  message: 'Database Connection Successfull',
  level: 'info',
  label: 'PH',
  timestamp: '2023-06-05T11:49:38.383Z'
}
{
  message: 'Application is Listening on Port 7000 ',
  level: 'info',
  label: 'PH',
  timestamp: '2023-06-05T11:49:38.389Z'
}
{
  message: 'development',
  level: 'info',
  label: 'PH',
  timestamp: '2023-06-05T11:49:39.175Z'
}
{
  message: 'Database Connection Successfull',
  level: 'info',
  label: 'PH',
  timestamp: '2023-06-05T11:49:39.738Z'
}
{
  message: 'Application is Listening on Port 7000 ',
  level: 'info',
  label: 'PH',
  timestamp: '2023-06-05T11:49:39.746Z'
}
{
  message: 'development',
  level: 'info',
  label: 'PH',
  timestamp: '2023-06-05T11:49:40.966Z'
}
{
  message: 'Database Connection Successfull',
  level: 'info',
  label: 'PH',
  timestamp: '2023-06-05T11:49:41.560Z'
}
{
  message: 'Application is Listening on Port 7000 ',
  level: 'info',
  label: 'PH',
  timestamp: '2023-06-05T11:49:41.567Z'
}
{
  message: 'development',
  level: 'info',
  label: 'PH',
  timestamp: '2023-06-05T11:50:04.548Z'
}
{
  message: 'Database Connection Successfull',
  level: 'info',
  label: 'PH',
  timestamp: '2023-06-05T11:50:05.131Z'
}
{
  message: 'Application is Listening on Port 7000 ',
  level: 'info',
  label: 'PH',
  timestamp: '2023-06-05T11:50:05.138Z'
}
{
  message: 'development',
  level: 'info',
  label: 'PH',
  timestamp: '2023-06-05T11:50:13.456Z'
}
{
  message: 'Database Connection Successfull',
  level: 'info',
  label: 'PH',
  timestamp: '2023-06-05T11:50:14.068Z'
}
{
  message: 'Application is Listening on Port 7000 ',
  level: 'info',
  label: 'PH',
  timestamp: '2023-06-05T11:50:14.072Z'
}
{
  message: 'development',
  level: 'info',
  label: 'PH',
  timestamp: '2023-06-05T11:50:15.403Z'
}
{
  message: 'Database Connection Successfull',
  level: 'info',
  label: 'PH',
  timestamp: '2023-06-05T11:50:16.086Z'
}
{
  message: 'Application is Listening on Port 7000 ',
  level: 'info',
  label: 'PH',
  timestamp: '2023-06-05T11:50:16.094Z'
}
{
  message: 'development',
  level: 'info',
  label: 'PH',
  timestamp: '2023-06-05T11:50:23.626Z'
}
{
  message: 'Database Connection Successfull',
  level: 'info',
  label: 'PH',
  timestamp: '2023-06-05T11:50:24.182Z'
}
{
  message: 'Application is Listening on Port 7000 ',
  level: 'info',
  label: 'PH',
  timestamp: '2023-06-05T11:50:24.185Z'
}
{
  message: 'development',
  level: 'info',
  label: 'PH',
  timestamp: '2023-06-05T11:50:26.931Z'
}
{
  message: 'Database Connection Successfull',
  level: 'info',
  label: 'PH',
  timestamp: '2023-06-05T11:50:27.484Z'
}
{
  message: 'Application is Listening on Port 7000 ',
  level: 'info',
  label: 'PH',
  timestamp: '2023-06-05T11:50:27.490Z'
}
{
  message: 'development',
  level: 'info',
  label: 'PH',
  timestamp: '2023-06-05T11:50:53.333Z'
}
{
  message: 'Database Connection Successfull',
  level: 'info',
  label: 'PH',
  timestamp: '2023-06-05T11:50:53.931Z'
}
{
  message: 'Application is Listening on Port 7000 ',
  level: 'info',
  label: 'PH',
  timestamp: '2023-06-05T11:50:53.937Z'
}
{
  message: 'development',
  level: 'info',
  label: 'PH',
  timestamp: '2023-06-05T11:51:31.951Z'
}
{
  message: 'Database Connection Successfull',
  level: 'info',
  label: 'PH',
  timestamp: '2023-06-05T11:51:32.733Z'
}
{
  message: 'Application is Listening on Port 7000 ',
  level: 'info',
  label: 'PH',
  timestamp: '2023-06-05T11:51:32.737Z'
}
{
  message: 'development',
  level: 'info',
  label: 'PH',
  timestamp: '2023-06-05T11:51:35.240Z'
}
{
  message: 'Database Connection Successfull',
  level: 'info',
  label: 'PH',
  timestamp: '2023-06-05T11:51:35.840Z'
}
{
  message: 'Application is Listening on Port 7000 ',
  level: 'info',
  label: 'PH',
  timestamp: '2023-06-05T11:51:35.844Z'
}
{
  message: 'development',
  level: 'info',
  label: 'PH',
  timestamp: '2023-06-05T11:51:39.481Z'
}
{
  message: 'Database Connection Successfull',
  level: 'info',
  label: 'PH',
  timestamp: '2023-06-05T11:51:40.078Z'
}
{
  message: 'Application is Listening on Port 7000 ',
  level: 'info',
  label: 'PH',
  timestamp: '2023-06-05T11:51:40.082Z'
}
{
  message: 'development',
  level: 'info',
  label: 'PH',
  timestamp: '2023-06-05T11:53:11.282Z'
}
{
  message: 'Database Connection Successfull',
  level: 'info',
  label: 'PH',
  timestamp: '2023-06-05T11:53:12.288Z'
}
{
  message: 'Application is Listening on Port 7000 ',
  level: 'info',
  label: 'PH',
  timestamp: '2023-06-05T11:53:12.295Z'
}
{
  message: 'development',
  level: 'info',
  label: 'PH',
  timestamp: '2023-06-05T11:53:16.588Z'
}
{
  message: 'Database Connection Successfull',
  level: 'info',
  label: 'PH',
  timestamp: '2023-06-05T11:53:17.195Z'
}
{
  message: 'Application is Listening on Port 7000 ',
  level: 'info',
  label: 'PH',
  timestamp: '2023-06-05T11:53:17.199Z'
}
{
  message: 'development',
  level: 'info',
  label: 'PH',
  timestamp: '2023-06-05T11:53:45.674Z'
}
{
  message: 'Database Connection Successfull',
  level: 'info',
  label: 'PH',
  timestamp: '2023-06-05T11:53:46.284Z'
}
{
  message: 'Application is Listening on Port 7000 ',
  level: 'info',
  label: 'PH',
  timestamp: '2023-06-05T11:53:46.287Z'
}
{
  message: 'development',
  level: 'info',
  label: 'PH',
  timestamp: '2023-06-05T11:53:55.265Z'
}
{
  message: 'Database Connection Successfull',
  level: 'info',
  label: 'PH',
  timestamp: '2023-06-05T11:53:55.856Z'
}
{
  message: 'Application is Listening on Port 7000 ',
  level: 'info',
  label: 'PH',
  timestamp: '2023-06-05T11:53:55.864Z'
}
{
  message: 'development',
  level: 'info',
  label: 'PH',
  timestamp: '2023-06-05T11:54:02.078Z'
}
{
  message: 'Database Connection Successfull',
  level: 'info',
  label: 'PH',
  timestamp: '2023-06-05T11:54:02.663Z'
}
{
  message: 'Application is Listening on Port 7000 ',
  level: 'info',
  label: 'PH',
  timestamp: '2023-06-05T11:54:02.669Z'
}
{
  message: 'development',
  level: 'info',
  label: 'PH',
  timestamp: '2023-06-05T11:54:10.520Z'
}
{
  message: 'Database Connection Successfull',
  level: 'info',
  label: 'PH',
  timestamp: '2023-06-05T11:54:11.105Z'
}
{
  message: 'Application is Listening on Port 7000 ',
  level: 'info',
  label: 'PH',
  timestamp: '2023-06-05T11:54:11.113Z'
}
{
  message: 'development',
  level: 'info',
  label: 'PH',
  timestamp: '2023-06-05T11:54:12.037Z'
}
{
  message: 'Database Connection Successfull',
  level: 'info',
  label: 'PH',
  timestamp: '2023-06-05T11:54:12.877Z'
}
{
  message: 'Application is Listening on Port 7000 ',
  level: 'info',
  label: 'PH',
  timestamp: '2023-06-05T11:54:12.883Z'
}
{
  message: 'development',
  level: 'info',
  label: 'PH',
  timestamp: '2023-06-05T11:54:46.937Z'
}
{
  message: 'Database Connection Successfull',
  level: 'info',
  label: 'PH',
  timestamp: '2023-06-05T11:54:47.531Z'
}
{
  message: 'Application is Listening on Port 7000 ',
  level: 'info',
  label: 'PH',
  timestamp: '2023-06-05T11:54:47.534Z'
}
{
  message: 'development',
  level: 'info',
  label: 'PH',
  timestamp: '2023-06-05T11:54:48.949Z'
}
{
  message: 'Database Connection Successfull',
  level: 'info',
  label: 'PH',
  timestamp: '2023-06-05T11:54:49.560Z'
}
{
  message: 'Application is Listening on Port 7000 ',
  level: 'info',
  label: 'PH',
  timestamp: '2023-06-05T11:54:49.566Z'
}
{
  message: 'development',
  level: 'info',
  label: 'PH',
  timestamp: '2023-06-05T11:54:51.828Z'
}
{
  message: 'Database Connection Successfull',
  level: 'info',
  label: 'PH',
  timestamp: '2023-06-05T11:54:52.422Z'
}
{
  message: 'Application is Listening on Port 7000 ',
  level: 'info',
  label: 'PH',
  timestamp: '2023-06-05T11:54:52.429Z'
}
{
  message: 'development',
  level: 'info',
  label: 'PH',
  timestamp: '2023-06-05T11:54:53.108Z'
}
{
  message: 'Database Connection Successfull',
  level: 'info',
  label: 'PH',
  timestamp: '2023-06-05T11:54:53.723Z'
}
{
  message: 'Application is Listening on Port 7000 ',
  level: 'info',
  label: 'PH',
  timestamp: '2023-06-05T11:54:53.729Z'
}
{
  message: 'development',
  level: 'info',
  label: 'PH',
  timestamp: '2023-06-05T11:54:57.887Z'
}
{
  message: 'development',
  level: 'info',
  label: 'PH',
  timestamp: '2023-06-05T11:54:58.934Z'
}
{
  message: 'Database Connection Successfull',
  level: 'info',
  label: 'PH',
  timestamp: '2023-06-05T11:54:59.523Z'
}
{
  message: 'Application is Listening on Port 7000 ',
  level: 'info',
  label: 'PH',
  timestamp: '2023-06-05T11:54:59.527Z'
}
{
  message: 'development',
  level: 'info',
  label: 'PH',
  timestamp: '2023-06-05T11:55:03.529Z'
}
{
  message: 'Database Connection Successfull',
  level: 'info',
  label: 'PH',
  timestamp: '2023-06-05T11:55:04.123Z'
}
{
  message: 'Application is Listening on Port 7000 ',
  level: 'info',
  label: 'PH',
  timestamp: '2023-06-05T11:55:04.132Z'
}
{
  message: 'development',
  level: 'info',
  label: 'PH',
  timestamp: '2023-06-05T11:55:05.095Z'
}
{
  message: 'Database Connection Successfull',
  level: 'info',
  label: 'PH',
  timestamp: '2023-06-05T11:55:05.720Z'
}
{
  message: 'Application is Listening on Port 7000 ',
  level: 'info',
  label: 'PH',
  timestamp: '2023-06-05T11:55:05.726Z'
}
{
  message: 'development',
  level: 'info',
  label: 'PH',
  timestamp: '2023-06-05T11:55:13.589Z'
}
{
  message: 'Database Connection Successfull',
  level: 'info',
  label: 'PH',
  timestamp: '2023-06-05T11:55:19.479Z'
}
{
  message: 'Application is Listening on Port 7000 ',
  level: 'info',
  label: 'PH',
  timestamp: '2023-06-05T11:55:19.483Z'
}
{
  message: 'development',
  level: 'info',
  label: 'PH',
  timestamp: '2023-06-05T11:55:37.497Z'
}
{
  message: 'Database Connection Successfull',
  level: 'info',
  label: 'PH',
  timestamp: '2023-06-05T11:55:38.074Z'
}
{
  message: 'Application is Listening on Port 7000 ',
  level: 'info',
  label: 'PH',
  timestamp: '2023-06-05T11:55:38.078Z'
}
{
  message: 'development',
  level: 'info',
  label: 'PH',
  timestamp: '2023-06-05T11:56:24.205Z'
}
{
  message: 'Database Connection Successfull',
  level: 'info',
  label: 'PH',
  timestamp: '2023-06-05T11:56:25.094Z'
}
{
  message: 'Application is Listening on Port 7000 ',
  level: 'info',
  label: 'PH',
  timestamp: '2023-06-05T11:56:25.099Z'
}
{
  message: 'development',
  level: 'info',
  label: 'PH',
  timestamp: '2023-06-05T11:56:31.816Z'
}
{
  message: 'Database Connection Successfull',
  level: 'info',
  label: 'PH',
  timestamp: '2023-06-05T11:56:32.405Z'
}
{
  message: 'Application is Listening on Port 7000 ',
  level: 'info',
  label: 'PH',
  timestamp: '2023-06-05T11:56:32.412Z'
}
{
  message: 'development',
  level: 'info',
  label: 'PH',
  timestamp: '2023-06-05T11:56:34.665Z'
}
{
  message: 'Database Connection Successfull',
  level: 'info',
  label: 'PH',
  timestamp: '2023-06-05T11:56:35.311Z'
}
{
  message: 'Application is Listening on Port 7000 ',
  level: 'info',
  label: 'PH',
  timestamp: '2023-06-05T11:56:35.317Z'
}
{
  message: 'development',
  level: 'info',
  label: 'PH',
  timestamp: '2023-06-05T11:56:37.315Z'
}
{
  message: 'Database Connection Successfull',
  level: 'info',
  label: 'PH',
  timestamp: '2023-06-05T11:56:37.887Z'
}
{
  message: 'Application is Listening on Port 7000 ',
  level: 'info',
  label: 'PH',
  timestamp: '2023-06-05T11:56:37.893Z'
}
{
  message: 'development',
  level: 'info',
  label: 'PH',
  timestamp: '2023-06-05T11:56:50.008Z'
}
{
  message: 'Database Connection Successfull',
  level: 'info',
  label: 'PH',
  timestamp: '2023-06-05T11:56:50.620Z'
}
{
  message: 'Application is Listening on Port 7000 ',
  level: 'info',
  label: 'PH',
  timestamp: '2023-06-05T11:56:50.627Z'
}
{
  message: 'development',
  level: 'info',
  label: 'PH',
  timestamp: '2023-06-05T11:57:01.451Z'
}
{
  message: 'Database Connection Successfull',
  level: 'info',
  label: 'PH',
  timestamp: '2023-06-05T11:57:02.040Z'
}
{
  message: 'Application is Listening on Port 7000 ',
  level: 'info',
  label: 'PH',
  timestamp: '2023-06-05T11:57:02.044Z'
}
{
  message: 'development',
  level: 'info',
  label: 'PH',
  timestamp: '2023-06-05T11:57:17.133Z'
}
{
  message: 'Database Connection Successfull',
  level: 'info',
  label: 'PH',
  timestamp: '2023-06-05T11:57:17.722Z'
}
{
  message: 'Application is Listening on Port 7000 ',
  level: 'info',
  label: 'PH',
  timestamp: '2023-06-05T11:57:17.729Z'
}
