{
  message: 'development',
  level: 'info',
  label: 'PH',
  timestamp: '2023-06-05T17:18:50.377Z'
}
{
  message: 'Database Connection Successfull',
  level: 'info',
  label: 'PH',
  timestamp: '2023-06-05T17:18:51.182Z'
}
{
  message: 'Application is Listening on Port 7000 ',
  level: 'info',
  label: 'PH',
  timestamp: '2023-06-05T17:18:51.190Z'
}
{
  message: 'development',
  level: 'info',
  label: 'PH',
  timestamp: '2023-06-05T17:19:05.959Z'
}
{
  message: 'Database Connection Successfull',
  level: 'info',
  label: 'PH',
  timestamp: '2023-06-05T17:19:06.606Z'
}
{
  message: 'Application is Listening on Port 7000 ',
  level: 'info',
  label: 'PH',
  timestamp: '2023-06-05T17:19:06.612Z'
}
{
  message: 'development',
  level: 'info',
  label: 'PH',
  timestamp: '2023-06-05T17:19:11.277Z'
}
{
  message: 'Database Connection Successfull',
  level: 'info',
  label: 'PH',
  timestamp: '2023-06-05T17:19:11.925Z'
}
{
  message: 'Application is Listening on Port 7000 ',
  level: 'info',
  label: 'PH',
  timestamp: '2023-06-05T17:19:11.931Z'
}
{
  message: 'development',
  level: 'info',
  label: 'PH',
  timestamp: '2023-06-05T17:19:21.939Z'
}
{
  message: 'Database Connection Successfull',
  level: 'info',
  label: 'PH',
  timestamp: '2023-06-05T17:19:22.507Z'
}
{
  message: 'Application is Listening on Port 7000 ',
  level: 'info',
  label: 'PH',
  timestamp: '2023-06-05T17:19:22.513Z'
}
{
  message: 'development',
  level: 'info',
  label: 'PH',
  timestamp: '2023-06-05T17:19:39.574Z'
}
{
  message: 'Database Connection Successfull',
  level: 'info',
  label: 'PH',
  timestamp: '2023-06-05T17:19:40.181Z'
}
{
  message: 'Application is Listening on Port 7000 ',
  level: 'info',
  label: 'PH',
  timestamp: '2023-06-05T17:19:40.184Z'
}
{
  message: 'development',
  level: 'info',
  label: 'PH',
  timestamp: '2023-06-05T17:20:07.342Z'
}
{
  message: 'Database Connection Successfull',
  level: 'info',
  label: 'PH',
  timestamp: '2023-06-05T17:20:08.321Z'
}
{
  message: 'Application is Listening on Port 7000 ',
  level: 'info',
  label: 'PH',
  timestamp: '2023-06-05T17:20:08.325Z'
}
{
  message: 'development',
  level: 'info',
  label: 'PH',
  timestamp: '2023-06-05T17:20:09.277Z'
}
{
  message: 'development',
  level: 'info',
  label: 'PH',
  timestamp: '2023-06-05T17:20:10.354Z'
}
{
  message: 'Database Connection Successfull',
  level: 'info',
  label: 'PH',
  timestamp: '2023-06-05T17:20:10.970Z'
}
{
  message: 'Application is Listening on Port 7000 ',
  level: 'info',
  label: 'PH',
  timestamp: '2023-06-05T17:20:10.978Z'
}
{
  message: 'development',
  level: 'info',
  label: 'PH',
  timestamp: '2023-06-05T17:20:19.524Z'
}
{
  message: 'Database Connection Successfull',
  level: 'info',
  label: 'PH',
  timestamp: '2023-06-05T17:20:20.165Z'
}
{
  message: 'Application is Listening on Port 7000 ',
  level: 'info',
  label: 'PH',
  timestamp: '2023-06-05T17:20:20.173Z'
}
{
  message: 'development',
  level: 'info',
  label: 'PH',
  timestamp: '2023-06-05T17:22:46.408Z'
}
{
  message: 'Database Connection Successfull',
  level: 'info',
  label: 'PH',
  timestamp: '2023-06-05T17:22:47.774Z'
}
{
  message: 'Application is Listening on Port 7000 ',
  level: 'info',
  label: 'PH',
  timestamp: '2023-06-05T17:22:47.778Z'
}
{
  message: 'development',
  level: 'info',
  label: 'PH',
  timestamp: '2023-06-05T17:22:52.354Z'
}
{
  message: 'Database Connection Successfull',
  level: 'info',
  label: 'PH',
  timestamp: '2023-06-05T17:22:52.939Z'
}
{
  message: 'Application is Listening on Port 7000 ',
  level: 'info',
  label: 'PH',
  timestamp: '2023-06-05T17:22:52.946Z'
}
{
  message: 'development',
  level: 'info',
  label: 'PH',
  timestamp: '2023-06-05T17:23:02.755Z'
}
{
  message: 'Database Connection Successfull',
  level: 'info',
  label: 'PH',
  timestamp: '2023-06-05T17:23:03.382Z'
}
{
  message: 'Application is Listening on Port 7000 ',
  level: 'info',
  label: 'PH',
  timestamp: '2023-06-05T17:23:03.387Z'
}
{
  message: 'development',
  level: 'info',
  label: 'PH',
  timestamp: '2023-06-05T17:23:08.727Z'
}
{
  message: 'Database Connection Successfull',
  level: 'info',
  label: 'PH',
  timestamp: '2023-06-05T17:23:09.332Z'
}
{
  message: 'Application is Listening on Port 7000 ',
  level: 'info',
  label: 'PH',
  timestamp: '2023-06-05T17:23:09.339Z'
}
{
  message: 'development',
  level: 'info',
  label: 'PH',
  timestamp: '2023-06-05T17:23:09.947Z'
}
{
  message: 'Database Connection Successfull',
  level: 'info',
  label: 'PH',
  timestamp: '2023-06-05T17:23:10.589Z'
}
{
  message: 'Application is Listening on Port 7000 ',
  level: 'info',
  label: 'PH',
  timestamp: '2023-06-05T17:23:10.597Z'
}
{
  message: 'development',
  level: 'info',
  label: 'PH',
  timestamp: '2023-06-05T17:24:38.239Z'
}
{
  message: 'Database Connection Successfull',
  level: 'info',
  label: 'PH',
  timestamp: '2023-06-05T17:24:39.124Z'
}
{
  message: 'Application is Listening on Port 7000 ',
  level: 'info',
  label: 'PH',
  timestamp: '2023-06-05T17:24:39.130Z'
}
{
  message: 'development',
  level: 'info',
  label: 'PH',
  timestamp: '2023-06-05T17:24:45.849Z'
}
{
  message: 'Database Connection Successfull',
  level: 'info',
  label: 'PH',
  timestamp: '2023-06-05T17:24:46.462Z'
}
{
  message: 'Application is Listening on Port 7000 ',
  level: 'info',
  label: 'PH',
  timestamp: '2023-06-05T17:24:46.466Z'
}
{
  message: 'development',
  level: 'info',
  label: 'PH',
  timestamp: '2023-06-05T17:24:47.533Z'
}
{
  message: 'Database Connection Successfull',
  level: 'info',
  label: 'PH',
  timestamp: '2023-06-05T17:24:48.136Z'
}
{
  message: 'Application is Listening on Port 7000 ',
  level: 'info',
  label: 'PH',
  timestamp: '2023-06-05T17:24:48.143Z'
}
