{
  message: 'Database Connection Successfull',
  level: 'info',
  label: 'PH',
  timestamp: '2023-06-06T03:41:10.719Z'
}
{
  message: 'Application is Listening on Port 7000 ',
  level: 'info',
  label: 'PH',
  timestamp: '2023-06-06T03:41:10.732Z'
}
{
  message: 'Database Connection Successfull',
  level: 'info',
  label: 'PH',
  timestamp: '2023-06-06T03:43:02.032Z'
}
{
  message: 'Application is Listening on Port 7000 ',
  level: 'info',
  label: 'PH',
  timestamp: '2023-06-06T03:43:02.045Z'
}
{
  message: 'Database Connection Successfull',
  level: 'info',
  label: 'PH',
  timestamp: '2023-06-06T03:43:03.598Z'
}
{
  message: 'Application is Listening on Port 7000 ',
  level: 'info',
  label: 'PH',
  timestamp: '2023-06-06T03:43:03.603Z'
}
{
  message: 'Database Connection Successfull',
  level: 'info',
  label: 'PH',
  timestamp: '2023-06-06T03:43:07.544Z'
}
{
  message: 'Application is Listening on Port 7000 ',
  level: 'info',
  label: 'PH',
  timestamp: '2023-06-06T03:43:07.555Z'
}
{
  message: 'Database Connection Successfull',
  level: 'info',
  label: 'PH',
  timestamp: '2023-06-06T03:43:12.568Z'
}
{
  message: 'Application is Listening on Port 7000 ',
  level: 'info',
  label: 'PH',
  timestamp: '2023-06-06T03:43:12.580Z'
}
{
  message: 'Database Connection Successfull',
  level: 'info',
  label: 'PH',
  timestamp: '2023-06-06T03:43:15.612Z'
}
{
  message: 'Application is Listening on Port 7000 ',
  level: 'info',
  label: 'PH',
  timestamp: '2023-06-06T03:43:15.624Z'
}
{
  message: 'Database Connection Successfull',
  level: 'info',
  label: 'PH',
  timestamp: '2023-06-06T03:43:17.229Z'
}
{
  message: 'Application is Listening on Port 7000 ',
  level: 'info',
  label: 'PH',
  timestamp: '2023-06-06T03:43:17.233Z'
}
{
  message: 'Database Connection Successfull',
  level: 'info',
  label: 'PH',
  timestamp: '2023-06-06T03:43:19.429Z'
}
{
  message: 'Application is Listening on Port 7000 ',
  level: 'info',
  label: 'PH',
  timestamp: '2023-06-06T03:43:19.442Z'
}
{
  message: 'Database Connection Successfull',
  level: 'info',
  label: 'PH',
  timestamp: '2023-06-06T03:43:25.616Z'
}
{
  message: 'Application is Listening on Port 7000 ',
  level: 'info',
  label: 'PH',
  timestamp: '2023-06-06T03:43:25.627Z'
}
{
  message: 'Database Connection Successfull',
  level: 'info',
  label: 'PH',
  timestamp: '2023-06-06T03:43:28.157Z'
}
{
  message: 'Application is Listening on Port 7000 ',
  level: 'info',
  label: 'PH',
  timestamp: '2023-06-06T03:43:28.167Z'
}
{
  message: 'Database Connection Successfull',
  level: 'info',
  label: 'PH',
  timestamp: '2023-06-06T03:43:59.408Z'
}
{
  message: 'Application is Listening on Port 7000 ',
  level: 'info',
  label: 'PH',
  timestamp: '2023-06-06T03:43:59.421Z'
}
{
  message: 'Database Connection Successfull',
  level: 'info',
  label: 'PH',
  timestamp: '2023-06-06T03:44:26.202Z'
}
{
  message: 'Application is Listening on Port 7000 ',
  level: 'info',
  label: 'PH',
  timestamp: '2023-06-06T03:44:26.212Z'
}
{
  message: 'Database Connection Successfull',
  level: 'info',
  label: 'PH',
  timestamp: '2023-06-06T03:48:45.670Z'
}
{
  message: 'Application is Listening on Port 7000 ',
  level: 'info',
  label: 'PH',
  timestamp: '2023-06-06T03:48:45.683Z'
}
{
  message: 'Database Connection Successfull',
  level: 'info',
  label: 'PH',
  timestamp: '2023-06-06T03:48:55.848Z'
}
{
  message: 'Application is Listening on Port 7000 ',
  level: 'info',
  label: 'PH',
  timestamp: '2023-06-06T03:48:55.854Z'
}
{
  message: 'Database Connection Successfull',
  level: 'info',
  label: 'PH',
  timestamp: '2023-06-06T03:49:00.978Z'
}
{
  message: 'Application is Listening on Port 7000 ',
  level: 'info',
  label: 'PH',
  timestamp: '2023-06-06T03:49:00.988Z'
}
{
  message: 'Database Connection Successfull',
  level: 'info',
  label: 'PH',
  timestamp: '2023-06-06T03:49:03.605Z'
}
{
  message: 'Application is Listening on Port 7000 ',
  level: 'info',
  label: 'PH',
  timestamp: '2023-06-06T03:49:03.616Z'
}
{
  message: 'Database Connection Successfull',
  level: 'info',
  label: 'PH',
  timestamp: '2023-06-06T03:49:06.782Z'
}
{
  message: 'Application is Listening on Port 7000 ',
  level: 'info',
  label: 'PH',
  timestamp: '2023-06-06T03:49:06.795Z'
}
{
  message: 'Database Connection Successfull',
  level: 'info',
  label: 'PH',
  timestamp: '2023-06-06T03:49:09.965Z'
}
{
  message: 'Application is Listening on Port 7000 ',
  level: 'info',
  label: 'PH',
  timestamp: '2023-06-06T03:49:09.974Z'
}
{
  message: 'Database Connection Successfull',
  level: 'info',
  label: 'PH',
  timestamp: '2023-06-06T03:49:11.961Z'
}
{
  message: 'Application is Listening on Port 7000 ',
  level: 'info',
  label: 'PH',
  timestamp: '2023-06-06T03:49:11.971Z'
}
{
  message: 'Database Connection Successfull',
  level: 'info',
  label: 'PH',
  timestamp: '2023-06-06T03:49:16.427Z'
}
{
  message: 'Application is Listening on Port 7000 ',
  level: 'info',
  label: 'PH',
  timestamp: '2023-06-06T03:49:16.438Z'
}
{
  message: 'Database Connection Successfull',
  level: 'info',
  label: 'PH',
  timestamp: '2023-06-06T03:49:21.099Z'
}
{
  message: 'Application is Listening on Port 7000 ',
  level: 'info',
  label: 'PH',
  timestamp: '2023-06-06T03:49:21.110Z'
}
{
  message: 'Database Connection Successfull',
  level: 'info',
  label: 'PH',
  timestamp: '2023-06-06T03:49:22.997Z'
}
{
  message: 'Application is Listening on Port 7000 ',
  level: 'info',
  label: 'PH',
  timestamp: '2023-06-06T03:49:23.008Z'
}
{
  message: 'Database Connection Successfull',
  level: 'info',
  label: 'PH',
  timestamp: '2023-06-06T03:49:25.019Z'
}
{
  message: 'Application is Listening on Port 7000 ',
  level: 'info',
  label: 'PH',
  timestamp: '2023-06-06T03:49:25.024Z'
}
{
  message: 'Database Connection Successfull',
  level: 'info',
  label: 'PH',
  timestamp: '2023-06-06T03:51:05.131Z'
}
{
  message: 'Application is Listening on Port 7000 ',
  level: 'info',
  label: 'PH',
  timestamp: '2023-06-06T03:51:05.138Z'
}
{
  message: 'Database Connection Successfull',
  level: 'info',
  label: 'PH',
  timestamp: '2023-06-06T03:51:09.253Z'
}
{
  message: 'Application is Listening on Port 7000 ',
  level: 'info',
  label: 'PH',
  timestamp: '2023-06-06T03:51:09.261Z'
}
{
  message: 'Database Connection Successfull',
  level: 'info',
  label: 'PH',
  timestamp: '2023-06-06T03:51:14.045Z'
}
{
  message: 'Application is Listening on Port 7000 ',
  level: 'info',
  label: 'PH',
  timestamp: '2023-06-06T03:51:14.057Z'
}
{
  message: 'Database Connection Successfull',
  level: 'info',
  label: 'PH',
  timestamp: '2023-06-06T03:51:19.684Z'
}
{
  message: 'Application is Listening on Port 7000 ',
  level: 'info',
  label: 'PH',
  timestamp: '2023-06-06T03:51:19.697Z'
}
{
  message: 'Database Connection Successfull',
  level: 'info',
  label: 'PH',
  timestamp: '2023-06-06T03:57:02.229Z'
}
{
  message: 'Application is Listening on Port 7000 ',
  level: 'info',
  label: 'PH',
  timestamp: '2023-06-06T03:57:02.242Z'
}
{
  message: 'Database Connection Successfull',
  level: 'info',
  label: 'PH',
  timestamp: '2023-06-06T03:58:48.512Z'
}
{
  message: 'Application is Listening on Port 7000 ',
  level: 'info',
  label: 'PH',
  timestamp: '2023-06-06T03:58:48.525Z'
}
{
  message: 'Database Connection Successfull',
  level: 'info',
  label: 'PH',
  timestamp: '2023-06-06T03:59:47.547Z'
}
{
  message: 'Application is Listening on Port 7000 ',
  level: 'info',
  label: 'PH',
  timestamp: '2023-06-06T03:59:47.557Z'
}
{
  message: 'Database Connection Successfull',
  level: 'info',
  label: 'PH',
  timestamp: '2023-06-06T03:59:48.812Z'
}
{
  message: 'Application is Listening on Port 7000 ',
  level: 'info',
  label: 'PH',
  timestamp: '2023-06-06T03:59:48.824Z'
}
