{
  message: 'Database Connection Successfull',
  level: 'info',
  label: 'PH',
  timestamp: '2023-06-16T17:25:33.775Z'
}
{
  message: 'Application is Listening on Port 7000 ',
  level: 'info',
  label: 'PH',
  timestamp: '2023-06-16T17:25:33.787Z'
}
{
  message: 'Database Connection Successfull',
  level: 'info',
  label: 'PH',
  timestamp: '2023-06-16T17:32:42.087Z'
}
{
  message: 'Application is Listening on Port 7000 ',
  level: 'info',
  label: 'PH',
  timestamp: '2023-06-16T17:32:42.102Z'
}
