{
  message: 'SIGTERM Recived',
  level: 'info',
  service: 'user-service',
  label: 'PH',
  timestamp: '2023-06-14T03:44:00.481Z'
}
{
  message: 'SIGTERM Recived',
  level: 'info',
  service: 'user-service',
  label: 'PH',
  timestamp: '2023-06-14T03:52:50.276Z'
}
{
  message: 'SIGTERM Recived',
  level: 'info',
  service: 'user-service',
  label: 'PH',
  timestamp: '2023-06-14T03:53:11.201Z'
}
{
  message: 'SIGTERM Recived',
  level: 'info',
  service: 'user-service',
  label: 'PH',
  timestamp: '2023-06-14T03:54:20.770Z'
}
{
  message: 'SIGTERM Recived',
  level: 'info',
  service: 'user-service',
  label: 'PH',
  timestamp: '2023-06-14T03:54:39.982Z'
}
{
  message: 'SIGTERM Recived',
  level: 'info',
  service: 'user-service',
  label: 'PH',
  timestamp: '2023-06-14T03:55:00.581Z'
}
{
  message: 'SIGTERM Recived',
  level: 'info',
  service: 'user-service',
  label: 'PH',
  timestamp: '2023-06-14T03:55:19.657Z'
}
{
  message: 'SIGTERM Recived',
  level: 'info',
  service: 'user-service',
  label: 'PH',
  timestamp: '2023-06-14T03:55:55.832Z'
}
{
  message: 'SIGTERM Recived',
  level: 'info',
  service: 'user-service',
  label: 'PH',
  timestamp: '2023-06-14T03:56:40.699Z'
}
{
  message: 'SIGTERM Recived',
  level: 'info',
  service: 'user-service',
  label: 'PH',
  timestamp: '2023-06-14T03:56:59.345Z'
}
