{
  message: 'SIGTERM Recived',
  level: 'info',
  service: 'user-service',
  label: 'PH',
  timestamp: '2023-06-12T06:01:22.935Z'
}
{
  message: 'SIGTERM Recived',
  level: 'info',
  service: 'user-service',
  label: 'PH',
  timestamp: '2023-06-12T06:02:33.132Z'
}
{
  message: 'SIGTERM Recived',
  level: 'info',
  service: 'user-service',
  label: 'PH',
  timestamp: '2023-06-12T06:03:33.639Z'
}
{
  message: 'SIGTERM Recived',
  level: 'info',
  service: 'user-service',
  label: 'PH',
  timestamp: '2023-06-12T06:05:46.696Z'
}
{
  message: 'SIGTERM Recived',
  level: 'info',
  service: 'user-service',
  label: 'PH',
  timestamp: '2023-06-12T06:06:49.137Z'
}
{
  message: 'SIGTERM Recived',
  level: 'info',
  service: 'user-service',
  label: 'PH',
  timestamp: '2023-06-12T06:18:10.737Z'
}
